c:\users\משתמש\source\repos\projectcheckboy\projectcheckboy\debug\vc142.pdb
c:\users\משתמש\source\repos\projectcheckboy\projectcheckboy\debug\vc142.idb
c:\users\משתמש\source\repos\projectcheckboy\projectcheckboy\debug\stdafx.obj
c:\users\משתמש\source\repos\projectcheckboy\projectcheckboy\debug\source.obj
c:\users\משתמש\source\repos\projectcheckboy\projectcheckboy\debug\rook.obj
c:\users\משתמש\source\repos\projectcheckboy\projectcheckboy\debug\point.obj
c:\users\משתמש\source\repos\projectcheckboy\projectcheckboy\debug\king.obj
c:\users\משתמש\source\repos\projectcheckboy\projectcheckboy\debug\gamemanager.obj
c:\users\משתמש\source\repos\projectcheckboy\projectcheckboy\debug\gameboard.obj
c:\users\משתמש\source\repos\projectcheckboy\projectcheckboy\debug\chesstool.obj
c:\users\משתמש\source\repos\projectcheckboy\projectcheckboy\debug\board.obj
c:\users\משתמש\source\repos\projectcheckboy\debug\projectcheckboy.pdb
c:\users\משתמש\source\repos\projectcheckboy\projectcheckboy\debug\projectcheckboy.tlog\cl.command.1.tlog
c:\users\משתמש\source\repos\projectcheckboy\projectcheckboy\debug\projectcheckboy.tlog\cl.read.1.tlog
c:\users\משתמש\source\repos\projectcheckboy\projectcheckboy\debug\projectcheckboy.tlog\cl.write.1.tlog
c:\users\משתמש\source\repos\projectcheckboy\projectcheckboy\debug\projectcheckboy.tlog\link-cvtres.read.1.tlog
c:\users\משתמש\source\repos\projectcheckboy\projectcheckboy\debug\projectcheckboy.tlog\link-cvtres.write.1.tlog
c:\users\משתמש\source\repos\projectcheckboy\projectcheckboy\debug\projectcheckboy.tlog\link-rc.read.1.tlog
c:\users\משתמש\source\repos\projectcheckboy\projectcheckboy\debug\projectcheckboy.tlog\link-rc.write.1.tlog
c:\users\משתמש\source\repos\projectcheckboy\projectcheckboy\debug\projectcheckboy.tlog\link.command.1.tlog
c:\users\משתמש\source\repos\projectcheckboy\projectcheckboy\debug\projectcheckboy.tlog\link.read.1.tlog
c:\users\משתמש\source\repos\projectcheckboy\projectcheckboy\debug\projectcheckboy.tlog\link.write.1.tlog
